
May 09, 2024 13:24:33.79 NEW SESSION
May 09, 2024 13:24:33.81 Created TensorFlow Lite XNNPACK delegate for CPU.
May 09, 2024 13:44:28.96 Created TensorFlow Lite XNNPACK delegate for CPU.

May 10, 2024 15:05:14.36 NEW SESSION
May 10, 2024 15:05:14.38 Created TensorFlow Lite XNNPACK delegate for CPU.
May 10, 2024 17:45:15.34 [15984:13840:0510/174515.341:ERROR:connection_factory_impl.cc(483)] ConnectionHandler failed with net error: -2
May 10, 2024 20:45:21.82 [15984:13840:0510/204521.829:ERROR:connection_factory_impl.cc(483)] ConnectionHandler failed with net error: -2
May 10, 2024 22:34:42.22 [15984:9084:0510/223442.223:ERROR:gpu_process_host.cc(997)] GPU process exited unexpectedly: exit_code=34

May 14, 2024 13:17:08.49 NEW SESSION
May 14, 2024 13:17:08.50 Created TensorFlow Lite XNNPACK delegate for CPU.

May 16, 2024 14:37:16.70 NEW SESSION
May 16, 2024 14:37:16.71 Created TensorFlow Lite XNNPACK delegate for CPU.
May 16, 2024 15:11:43.26 [11948:84:0516/151143.262:ERROR:connection_factory_impl.cc(483)] ConnectionHandler failed with net error: -2

May 17, 2024 07:56:16.63 NEW SESSION
May 17, 2024 07:56:16.65 Created TensorFlow Lite XNNPACK delegate for CPU.
May 17, 2024 07:56:19.06 [11744:7700:0517/075619.060:ERROR:connection_factory_impl.cc(434)] Failed to connect to MCS endpoint with error -105
May 17, 2024 07:56:22.11 [11744:7700:0517/075622.115:ERROR:registration_request.cc(274)] Registration URL fetching failed.
May 17, 2024 07:56:22.11 [11744:7700:0517/075622.115:ERROR:registration_request.cc(274)] Registration URL fetching failed.
May 17, 2024 07:56:22.11 [11744:7700:0517/075622.115:ERROR:registration_request.cc(274)] Registration URL fetching failed.
May 17, 2024 07:56:48.41 [11744:7700:0517/075648.417:ERROR:connection_factory_impl.cc(434)] Failed to connect to MCS endpoint with error -105
May 17, 2024 07:56:50.73 [11744:7700:0517/075650.736:ERROR:registration_request.cc(274)] Registration URL fetching failed.
May 17, 2024 07:56:50.73 [11744:7700:0517/075650.736:ERROR:registration_request.cc(274)] Registration URL fetching failed.
May 17, 2024 07:56:57.10 [11744:7700:0517/075657.101:ERROR:registration_request.cc(274)] Registration URL fetching failed.
May 17, 2024 07:57:39.50 [11744:6736:0517/075739.508:ERROR:account_info_fetcher.cc(62)] OnGetTokenFailure: Connection failed (-105).
May 17, 2024 07:57:46.08 [11744:7700:0517/075746.080:ERROR:connection_factory_impl.cc(434)] Failed to connect to MCS endpoint with error -105
May 17, 2024 07:57:52.32 [11744:7700:0517/075752.323:ERROR:registration_request.cc(274)] Registration URL fetching failed.
May 17, 2024 07:57:52.32 [11744:7700:0517/075752.327:ERROR:registration_request.cc(274)] Registration URL fetching failed.
May 17, 2024 07:57:52.32 [11744:7700:0517/075752.327:ERROR:registration_request.cc(274)] Registration URL fetching failed.
May 17, 2024 07:58:57.23 [11744:7700:0517/075857.231:ERROR:connection_factory_impl.cc(483)] ConnectionHandler failed with net error: -2
May 17, 2024 07:58:58.03 [11744:6736:0517/075858.034:ERROR:device_event_log_impl.cc(195)] [07:58:58.034] USB: usb_service_win.cc:105 SetupDiGetDeviceProperty({{A45C254E-DF1C-4EFD-8020-67D146A850E0}, 6}) failed: Element not found. (0x490)
May 17, 2024 07:58:59.25 [11744:7700:0517/075859.259:ERROR:connection_factory_impl.cc(434)] Failed to connect to MCS endpoint with error -106
May 17, 2024 07:59:18.95 [11744:7700:0517/075918.956:ERROR:connection_factory_impl.cc(434)] Failed to connect to MCS endpoint with error -105
May 17, 2024 07:59:18.95 [11744:3008:0517/075918.956:ERROR:get_updates_processor.cc(263)] PostClientToServerMessage() failed during GetUpdates with error Network error (ERR_NAME_NOT_RESOLVED)
May 17, 2024 07:59:28.04 [11744:3008:0517/075928.047:ERROR:get_updates_processor.cc(263)] PostClientToServerMessage() failed during GetUpdates with error Network error (ERR_NAME_NOT_RESOLVED)
May 17, 2024 07:59:29.83 [11744:7700:0517/075929.833:ERROR:registration_request.cc(274)] Registration URL fetching failed.
May 17, 2024 07:59:29.83 [11744:7700:0517/075929.833:ERROR:registration_request.cc(274)] Registration URL fetching failed.
May 17, 2024 07:59:45.74 [11744:7700:0517/075945.741:ERROR:registration_request.cc(274)] Registration URL fetching failed.
May 17, 2024 08:03:12.31 Created TensorFlow Lite XNNPACK delegate for CPU.
May 17, 2024 08:28:46.15 Created TensorFlow Lite XNNPACK delegate for CPU.
May 17, 2024 08:42:25.17 Created TensorFlow Lite XNNPACK delegate for CPU.
May 17, 2024 08:42:28.19 [10088:1992:0517/084228.191:ERROR:connection_factory_impl.cc(434)] Failed to connect to MCS endpoint with error -105
May 17, 2024 08:42:51.38 [10088:1992:0517/084251.380:ERROR:connection_factory_impl.cc(434)] Failed to connect to MCS endpoint with error -105
May 17, 2024 08:43:51.74 [10088:1992:0517/084351.739:ERROR:connection_factory_impl.cc(434)] Failed to connect to MCS endpoint with error -105
May 17, 2024 08:45:58.07 [10088:1992:0517/084558.078:ERROR:connection_factory_impl.cc(434)] Failed to connect to MCS endpoint with error -105
May 17, 2024 08:49:27.49 [10088:1992:0517/084927.491:ERROR:connection_factory_impl.cc(434)] Failed to connect to MCS endpoint with error -105
May 17, 2024 08:55:02.02 Created TensorFlow Lite XNNPACK delegate for CPU.
May 17, 2024 08:55:11.04 [5376:14320:0517/085511.045:ERROR:connection_factory_impl.cc(434)] Failed to connect to MCS endpoint with error -105
May 17, 2024 08:55:44.20 [5376:14320:0517/085544.202:ERROR:connection_factory_impl.cc(434)] Failed to connect to MCS endpoint with error -105
May 17, 2024 08:56:36.14 [5376:14320:0517/085636.146:ERROR:connection_factory_impl.cc(434)] Failed to connect to MCS endpoint with error -105
May 17, 2024 08:58:05.19 [5376:14320:0517/085805.195:ERROR:connection_factory_impl.cc(434)] Failed to connect to MCS endpoint with error -105
May 17, 2024 09:00:49.57 [5376:14320:0517/090049.570:ERROR:connection_factory_impl.cc(434)] Failed to connect to MCS endpoint with error -105
May 17, 2024 09:03:13.34 [5376:14320:0517/090313.340:ERROR:connection_factory_impl.cc(434)] Failed to connect to MCS endpoint with error -105
May 17, 2024 09:03:19.40 [5376:14320:0517/090319.401:ERROR:connection_factory_impl.cc(434)] Failed to connect to MCS endpoint with error -105
May 17, 2024 09:04:02.29 Created TensorFlow Lite XNNPACK delegate for CPU.
May 17, 2024 09:04:11.33 [13064:14572:0517/090411.332:ERROR:connection_factory_impl.cc(434)] Failed to connect to MCS endpoint with error -105
May 17, 2024 09:04:36.92 [13064:14572:0517/090436.922:ERROR:connection_factory_impl.cc(434)] Failed to connect to MCS endpoint with error -105
May 17, 2024 09:05:35.80 [13064:14572:0517/090535.807:ERROR:connection_factory_impl.cc(434)] Failed to connect to MCS endpoint with error -105
May 17, 2024 09:07:26.00 Created TensorFlow Lite XNNPACK delegate for CPU.
May 17, 2024 09:07:29.03 [16848:12548:0517/090729.036:ERROR:connection_factory_impl.cc(434)] Failed to connect to MCS endpoint with error -105
May 17, 2024 09:07:59.22 [16848:12548:0517/090759.224:ERROR:connection_factory_impl.cc(434)] Failed to connect to MCS endpoint with error -105
May 17, 2024 09:08:56.37 [16848:12548:0517/090856.373:ERROR:connection_factory_impl.cc(434)] Failed to connect to MCS endpoint with error -105
May 17, 2024 09:10:35.57 [16848:12548:0517/091035.579:ERROR:connection_factory_impl.cc(434)] Failed to connect to MCS endpoint with error -105
May 17, 2024 09:14:11.93 [16848:12548:0517/091411.933:ERROR:connection_factory_impl.cc(434)] Failed to connect to MCS endpoint with error -105
May 17, 2024 09:15:56.91 [16848:12548:0517/091556.911:ERROR:connection_factory_impl.cc(434)] Failed to connect to MCS endpoint with error -105
May 17, 2024 09:17:23.43 [16848:12548:0517/091723.432:ERROR:connection_factory_impl.cc(434)] Failed to connect to MCS endpoint with error -105
May 17, 2024 09:18:57.84 [16848:12548:0517/091857.840:ERROR:connection_factory_impl.cc(434)] Failed to connect to MCS endpoint with error -105
May 17, 2024 09:19:09.93 [16848:12548:0517/091909.938:ERROR:connection_factory_impl.cc(434)] Failed to connect to MCS endpoint with error -105
May 17, 2024 09:21:16.35 [16848:12548:0517/092116.351:ERROR:connection_factory_impl.cc(434)] Failed to connect to MCS endpoint with error -105
May 17, 2024 09:21:21.09 [16848:12548:0517/092121.092:ERROR:connection_factory_impl.cc(434)] Failed to connect to MCS endpoint with error -105
May 17, 2024 09:37:20.78 [16848:12548:0517/093720.784:ERROR:connection_factory_impl.cc(434)] Failed to connect to MCS endpoint with error -106
May 17, 2024 09:37:33.87 [16848:12548:0517/093733.870:ERROR:connection_factory_impl.cc(434)] Failed to connect to MCS endpoint with error -100
May 17, 2024 09:38:33.48 [16848:12548:0517/093833.481:ERROR:connection_factory_impl.cc(434)] Failed to connect to MCS endpoint with error -102
May 17, 2024 09:40:11.67 [16848:12548:0517/094011.670:ERROR:connection_factory_impl.cc(434)] Failed to connect to MCS endpoint with error -100

May 19, 2024 09:20:56.89 NEW SESSION
May 19, 2024 09:20:56.91 Created TensorFlow Lite XNNPACK delegate for CPU.
May 19, 2024 09:28:28.58 Created TensorFlow Lite XNNPACK delegate for CPU.
May 19, 2024 10:24:50.43 [3900:19332:0519/102450.438:ERROR:connection_factory_impl.cc(483)] ConnectionHandler failed with net error: -2
May 19, 2024 11:26:08.51 [3900:19332:0519/112608.518:ERROR:connection_factory_impl.cc(483)] ConnectionHandler failed with net error: -2
May 19, 2024 11:27:36.05 [3900:19332:0519/112736.059:ERROR:connection_factory_impl.cc(483)] ConnectionHandler failed with net error: -2
May 19, 2024 15:14:25.02 [3900:19332:0519/151425.021:ERROR:connection_factory_impl.cc(483)] ConnectionHandler failed with net error: -2
May 19, 2024 15:14:25.12 [3900:15916:0519/151425.125:ERROR:device_event_log_impl.cc(195)] [15:14:25.131] USB: usb_service_win.cc:308 SetupDiEnumDeviceInterfaces: No more data is available. (0x103)
May 19, 2024 16:09:19.08 [3900:19332:0519/160919.081:ERROR:connection_factory_impl.cc(483)] ConnectionHandler failed with net error: -2
May 19, 2024 16:31:43.08 [3900:19332:0519/163143.089:ERROR:connection_factory_impl.cc(483)] ConnectionHandler failed with net error: -2
May 19, 2024 17:37:33.54 [3900:19332:0519/173733.543:ERROR:connection_factory_impl.cc(483)] ConnectionHandler failed with net error: -2
May 19, 2024 19:51:07.76 [3900:15916:0519/195107.767:ERROR:device_event_log_impl.cc(195)] [19:51:07.765] USB: usb_service_win.cc:105 SetupDiGetDeviceProperty({{A45C254E-DF1C-4EFD-8020-67D146A850E0}, 6}) failed: Element not found. (0x490)
May 19, 2024 19:51:07.78 [3900:15916:0519/195107.785:ERROR:device_event_log_impl.cc(195)] [19:51:07.779] USB: usb_service_win.cc:308 SetupDiEnumDeviceInterfaces: No more data is available. (0x103)
May 19, 2024 21:20:21.53 [3900:15916:0519/212021.539:ERROR:interface_endpoint_client.cc(722)] Message 0 rejected by interface blink.mojom.WidgetHost
May 19, 2024 21:20:42.21 [3900:15916:0519/212042.214:ERROR:interface_endpoint_client.cc(722)] Message 0 rejected by interface blink.mojom.WidgetHost

May 19, 2024 23:17:13.84 NEW SESSION
May 19, 2024 23:17:13.84 Created TensorFlow Lite XNNPACK delegate for CPU.

May 21, 2024 23:51:01.88 NEW SESSION
May 21, 2024 23:51:01.89 Created TensorFlow Lite XNNPACK delegate for CPU.
May 22, 2024 24:16:45.27 Created TensorFlow Lite XNNPACK delegate for CPU.
May 22, 2024 01:03:44.48 [9284:5980:0522/010344.486:ERROR:interface_endpoint_client.cc(722)] Message 0 rejected by interface blink.mojom.WidgetHost

May 23, 2024 13:09:23.07 NEW SESSION
May 23, 2024 13:09:23.09 Created TensorFlow Lite XNNPACK delegate for CPU.
May 23, 2024 13:37:54.28 [5164:8852:0523/133754.285:ERROR:connection_factory_impl.cc(434)] Failed to connect to MCS endpoint with error -105
May 23, 2024 13:37:54.28 [5164:8852:0523/133754.289:ERROR:connection_factory_impl.cc(434)] Failed to connect to MCS endpoint with error -105
May 23, 2024 13:38:03.91 [5164:8852:0523/133803.912:ERROR:connection_factory_impl.cc(434)] Failed to connect to MCS endpoint with error -105
May 23, 2024 13:38:12.66 [5164:8852:0523/133812.660:ERROR:connection_factory_impl.cc(434)] Failed to connect to MCS endpoint with error -100
May 23, 2024 13:38:35.60 [5164:8852:0523/133835.603:ERROR:connection_factory_impl.cc(434)] Failed to connect to MCS endpoint with error -118
May 23, 2024 13:38:57.52 [5164:8852:0523/133857.524:ERROR:connection_factory_impl.cc(434)] Failed to connect to MCS endpoint with error -105
May 23, 2024 13:39:55.55 [5164:8852:0523/133955.551:ERROR:connection_factory_impl.cc(434)] Failed to connect to MCS endpoint with error -118
May 23, 2024 13:42:13.63 [5164:8852:0523/134213.638:ERROR:connection_factory_impl.cc(434)] Failed to connect to MCS endpoint with error -105
May 23, 2024 13:42:47.41 [5164:8852:0523/134247.411:ERROR:connection_factory_impl.cc(434)] Failed to connect to MCS endpoint with error -105
May 23, 2024 14:05:38.47 [5164:8852:0523/140538.470:ERROR:connection_factory_impl.cc(434)] Failed to connect to MCS endpoint with error -105
May 23, 2024 14:05:39.42 [5164:8852:0523/140539.428:ERROR:connection_factory_impl.cc(434)] Failed to connect to MCS endpoint with error -105
May 23, 2024 14:05:40.31 [5164:7472:0523/140540.318:ERROR:device_event_log_impl.cc(195)] [14:05:40.320] USB: usb_service_win.cc:105 SetupDiGetDeviceProperty({{A45C254E-DF1C-4EFD-8020-67D146A850E0}, 6}) failed: Element not found. (0x490)
May 23, 2024 14:06:12.97 [5164:8852:0523/140612.973:ERROR:connection_factory_impl.cc(434)] Failed to connect to MCS endpoint with error -105
May 23, 2024 14:06:22.02 [5164:8852:0523/140622.024:ERROR:connection_factory_impl.cc(434)] Failed to connect to MCS endpoint with error -105
May 23, 2024 14:56:05.33 [5164:7472:0523/145605.338:ERROR:account_info_fetcher.cc(62)] OnGetTokenFailure: Connection failed (-106).

May 23, 2024 16:21:25.94 NEW SESSION
May 23, 2024 16:21:25.95 Created TensorFlow Lite XNNPACK delegate for CPU.
May 23, 2024 16:23:12.04 Created TensorFlow Lite XNNPACK delegate for CPU.
May 23, 2024 16:35:21.77 Created TensorFlow Lite XNNPACK delegate for CPU.
May 23, 2024 16:41:25.61 Created TensorFlow Lite XNNPACK delegate for CPU.

May 23, 2024 16:43:17.99 NEW SESSION
May 23, 2024 16:43:17.99 Created TensorFlow Lite XNNPACK delegate for CPU.
May 23, 2024 16:52:00.54 Created TensorFlow Lite XNNPACK delegate for CPU.
May 23, 2024 16:53:31.37 Created TensorFlow Lite XNNPACK delegate for CPU.
May 23, 2024 16:54:34.54 Created TensorFlow Lite XNNPACK delegate for CPU.

May 23, 2024 17:54:14.18 NEW SESSION
May 23, 2024 17:54:14.20 Created TensorFlow Lite XNNPACK delegate for CPU.
May 23, 2024 17:56:31.39 Created TensorFlow Lite XNNPACK delegate for CPU.
May 23, 2024 19:08:36.96 [6448:15048:0523/190836.962:ERROR:connection_factory_impl.cc(483)] ConnectionHandler failed with net error: -2
May 23, 2024 19:49:18.14 [6448:15048:0523/194918.141:ERROR:connection_factory_impl.cc(483)] ConnectionHandler failed with net error: -1

May 24, 2024 15:46:52.50 NEW SESSION
May 24, 2024 15:46:52.53 Created TensorFlow Lite XNNPACK delegate for CPU.
May 24, 2024 16:33:13.95 [6912:12520:0524/163313.955:ERROR:connection_factory_impl.cc(483)] ConnectionHandler failed with net error: -2

May 27, 2024 08:35:56.44 NEW SESSION
May 27, 2024 08:35:56.44 Created TensorFlow Lite XNNPACK delegate for CPU.

May 27, 2024 12:47:44.09 NEW SESSION
May 27, 2024 12:47:44.11 Created TensorFlow Lite XNNPACK delegate for CPU.
May 27, 2024 12:47:45.14 [2084:8028:0527/124745.147:ERROR:connection_factory_impl.cc(434)] Failed to connect to MCS endpoint with error -103
May 27, 2024 12:47:46.02 [2084:19968:0527/124746.020:ERROR:device_event_log_impl.cc(195)] [12:47:46.023] USB: usb_service_win.cc:105 SetupDiGetDeviceProperty({{A45C254E-DF1C-4EFD-8020-67D146A850E0}, 6}) failed: Element not found. (0x490)
May 27, 2024 12:49:58.93 [2084:8028:0527/124958.933:ERROR:connection_factory_impl.cc(434)] Failed to connect to MCS endpoint with error -105
May 27, 2024 12:50:02.34 [2084:8028:0527/125002.342:ERROR:connection_factory_impl.cc(434)] Failed to connect to MCS endpoint with error -105
May 27, 2024 12:50:34.07 [2084:8028:0527/125034.078:ERROR:connection_factory_impl.cc(434)] Failed to connect to MCS endpoint with error -105
May 27, 2024 12:51:39.26 [2084:8028:0527/125139.254:ERROR:connection_factory_impl.cc(483)] ConnectionHandler failed with net error: -2
May 27, 2024 12:53:08.45 [2084:8028:0527/125308.456:ERROR:connection_factory_impl.cc(434)] Failed to connect to MCS endpoint with error -7
May 27, 2024 12:53:57.40 [2084:8028:0527/125357.407:ERROR:connection_factory_impl.cc(434)] Failed to connect to MCS endpoint with error -103
May 27, 2024 12:53:59.46 [2084:8028:0527/125359.460:ERROR:connection_factory_impl.cc(434)] Failed to connect to MCS endpoint with error -106
May 27, 2024 12:54:14.49 [2084:8028:0527/125414.497:ERROR:connection_factory_impl.cc(434)] Failed to connect to MCS endpoint with error -105
May 27, 2024 12:54:45.14 [2084:8028:0527/125445.147:ERROR:connection_factory_impl.cc(434)] Failed to connect to MCS endpoint with error -105
May 27, 2024 12:54:48.21 [2084:8028:0527/125448.216:ERROR:connection_factory_impl.cc(434)] Failed to connect to MCS endpoint with error -105
May 27, 2024 12:55:10.59 [2084:8028:0527/125510.596:ERROR:connection_factory_impl.cc(434)] Failed to connect to MCS endpoint with error -105
May 27, 2024 13:22:07.06 [2084:19968:0527/132207.067:ERROR:interface_endpoint_client.cc(722)] Message 1 rejected by interface blink.mojom.WidgetHost
May 27, 2024 14:04:21.61 [2084:19968:0527/140421.610:ERROR:device_event_log_impl.cc(195)] [14:04:21.611] USB: usb_service_win.cc:105 SetupDiGetDeviceProperty({{A45C254E-DF1C-4EFD-8020-67D146A850E0}, 6}) failed: Element not found. (0x490)
May 27, 2024 14:04:21.64 [2084:19968:0527/140421.640:ERROR:device_event_log_impl.cc(195)] [14:04:21.640] USB: usb_service_win.cc:308 SetupDiEnumDeviceInterfaces: No more data is available. (0x103)
May 27, 2024 14:14:22.16 [2084:8028:0527/141422.161:ERROR:connection_factory_impl.cc(434)] Failed to connect to MCS endpoint with error -105
May 27, 2024 14:19:28.46 [2084:8028:0527/141928.469:ERROR:connection_factory_impl.cc(434)] Failed to connect to MCS endpoint with error -105
May 27, 2024 14:19:50.17 [2084:8028:0527/141950.179:ERROR:connection_factory_impl.cc(434)] Failed to connect to MCS endpoint with error -105
May 27, 2024 14:19:50.98 [2084:19968:0527/141950.983:ERROR:device_event_log_impl.cc(195)] [14:19:50.983] USB: usb_service_win.cc:105 SetupDiGetDeviceProperty({{A45C254E-DF1C-4EFD-8020-67D146A850E0}, 6}) failed: Element not found. (0x490)
May 27, 2024 14:21:57.16 [2084:8028:0527/142157.161:ERROR:connection_factory_impl.cc(434)] Failed to connect to MCS endpoint with error -7
May 27, 2024 14:22:10.87 [2084:8028:0527/142210.875:ERROR:connection_factory_impl.cc(434)] Failed to connect to MCS endpoint with error -105
May 27, 2024 14:25:27.62 [2084:8028:0527/142527.628:ERROR:connection_factory_impl.cc(434)] Failed to connect to MCS endpoint with error -105
May 27, 2024 14:25:35.75 [2084:8028:0527/142535.755:ERROR:connection_factory_impl.cc(434)] Failed to connect to MCS endpoint with error -105
May 27, 2024 14:33:46.85 [2084:19968:0527/143346.859:ERROR:device_event_log_impl.cc(195)] [14:33:46.857] USB: usb_service_win.cc:105 SetupDiGetDeviceProperty({{A45C254E-DF1C-4EFD-8020-67D146A850E0}, 6}) failed: Element not found. (0x490)
May 27, 2024 14:33:46.86 [2084:19968:0527/143346.866:ERROR:device_event_log_impl.cc(195)] [14:33:46.862] USB: usb_service_win.cc:308 SetupDiEnumDeviceInterfaces: No more data is available. (0x103)
May 27, 2024 16:28:15.16 [2084:8028:0527/162815.161:ERROR:connection_factory_impl.cc(434)] Failed to connect to MCS endpoint with error -105
May 27, 2024 16:28:18.20 [2084:8028:0527/162818.202:ERROR:connection_factory_impl.cc(434)] Failed to connect to MCS endpoint with error -105
May 27, 2024 16:32:56.08 [2084:8028:0527/163256.088:ERROR:connection_factory_impl.cc(483)] ConnectionHandler failed with net error: -2
May 27, 2024 19:32:57.91 [2084:8028:0527/193257.918:ERROR:connection_factory_impl.cc(434)] Failed to connect to MCS endpoint with error -105
May 27, 2024 22:48:20.61 Created TensorFlow Lite XNNPACK delegate for CPU.

May 30, 2024 12:59:04.80 NEW SESSION
May 30, 2024 12:59:04.82 Created TensorFlow Lite XNNPACK delegate for CPU.
May 30, 2024 12:59:18.88 Created TensorFlow Lite XNNPACK delegate for CPU.
May 30, 2024 13:33:52.66 [14752:20456:0530/133352.660:ERROR:connection_factory_impl.cc(434)] Failed to connect to MCS endpoint with error -105
May 30, 2024 13:33:59.26 [14752:20456:0530/133359.264:ERROR:connection_factory_impl.cc(434)] Failed to connect to MCS endpoint with error -105
May 30, 2024 13:34:02.42 [14752:20456:0530/133402.423:ERROR:connection_factory_impl.cc(434)] Failed to connect to MCS endpoint with error -105
May 30, 2024 13:34:11.06 [14752:20456:0530/133411.066:ERROR:connection_factory_impl.cc(434)] Failed to connect to MCS endpoint with error -105
May 30, 2024 13:42:17.91 [14752:19552:0530/134217.912:ERROR:device_event_log_impl.cc(195)] [13:42:17.912] USB: usb_service_win.cc:105 SetupDiGetDeviceProperty({{A45C254E-DF1C-4EFD-8020-67D146A850E0}, 6}) failed: Element not found. (0x490)
May 30, 2024 13:42:17.92 [14752:19552:0530/134217.923:ERROR:device_event_log_impl.cc(195)] [13:42:17.923] USB: usb_service_win.cc:308 SetupDiEnumDeviceInterfaces: No more data is available. (0x103)
May 30, 2024 13:42:20.01 [14752:19552:0530/134220.016:ERROR:device_event_log_impl.cc(195)] [13:42:20.016] USB: usb_service_win.cc:105 SetupDiGetDeviceProperty({{A45C254E-DF1C-4EFD-8020-67D146A850E0}, 6}) failed: Element not found. (0x490)
May 30, 2024 13:42:20.02 [14752:19552:0530/134220.027:ERROR:device_event_log_impl.cc(195)] [13:42:20.027] USB: usb_service_win.cc:308 SetupDiEnumDeviceInterfaces: No more data is available. (0x103)
May 30, 2024 13:42:50.22 [14752:19552:0530/134250.221:ERROR:device_event_log_impl.cc(195)] [13:42:50.219] USB: usb_service_win.cc:105 SetupDiGetDeviceProperty({{A45C254E-DF1C-4EFD-8020-67D146A850E0}, 6}) failed: Element not found. (0x490)
May 30, 2024 13:42:50.23 [14752:19552:0530/134250.230:ERROR:device_event_log_impl.cc(195)] [13:42:50.230] USB: usb_service_win.cc:308 SetupDiEnumDeviceInterfaces: No more data is available. (0x103)
May 30, 2024 13:42:52.08 [14752:19552:0530/134252.086:ERROR:device_event_log_impl.cc(195)] [13:42:52.085] USB: usb_service_win.cc:105 SetupDiGetDeviceProperty({{A45C254E-DF1C-4EFD-8020-67D146A850E0}, 6}) failed: Element not found. (0x490)
May 30, 2024 13:42:52.09 [14752:19552:0530/134252.098:ERROR:device_event_log_impl.cc(195)] [13:42:52.097] USB: usb_service_win.cc:308 SetupDiEnumDeviceInterfaces: No more data is available. (0x103)
May 30, 2024 13:50:01.73 [14752:19552:0530/135001.733:ERROR:device_event_log_impl.cc(195)] [13:50:01.732] USB: usb_service_win.cc:105 SetupDiGetDeviceProperty({{A45C254E-DF1C-4EFD-8020-67D146A850E0}, 6}) failed: Element not found. (0x490)
May 30, 2024 13:50:01.74 [14752:19552:0530/135001.745:ERROR:device_event_log_impl.cc(195)] [13:50:01.740] USB: usb_service_win.cc:308 SetupDiEnumDeviceInterfaces: No more data is available. (0x103)
May 30, 2024 14:03:17.40 Created TensorFlow Lite XNNPACK delegate for CPU.
May 30, 2024 14:06:50.04 [10424:11824:0530/140650.046:ERROR:device_event_log_impl.cc(195)] [14:06:50.045] USB: usb_service_win.cc:105 SetupDiGetDeviceProperty({{A45C254E-DF1C-4EFD-8020-67D146A850E0}, 6}) failed: Element not found. (0x490)
May 30, 2024 14:06:50.04 [10424:11824:0530/140650.049:ERROR:device_event_log_impl.cc(195)] [14:06:50.049] USB: usb_service_win.cc:308 SetupDiEnumDeviceInterfaces: No more data is available. (0x103)
May 30, 2024 14:06:50.91 [10424:11824:0530/140650.918:ERROR:device_event_log_impl.cc(195)] [14:06:50.917] USB: usb_service_win.cc:105 SetupDiGetDeviceProperty({{A45C254E-DF1C-4EFD-8020-67D146A850E0}, 6}) failed: Element not found. (0x490)
May 30, 2024 14:06:50.92 [10424:11824:0530/140650.923:ERROR:device_event_log_impl.cc(195)] [14:06:50.921] USB: usb_service_win.cc:308 SetupDiEnumDeviceInterfaces: No more data is available. (0x103)
May 30, 2024 14:14:41.57 Created TensorFlow Lite XNNPACK delegate for CPU.
May 30, 2024 14:20:06.80 [15828:6240:0530/142006.800:ERROR:device_event_log_impl.cc(195)] [14:20:06.799] USB: usb_service_win.cc:105 SetupDiGetDeviceProperty({{A45C254E-DF1C-4EFD-8020-67D146A850E0}, 6}) failed: Element not found. (0x490)
May 30, 2024 14:20:21.21 [15828:6240:0530/142021.211:ERROR:device_event_log_impl.cc(195)] [14:20:21.209] USB: usb_service_win.cc:105 SetupDiGetDeviceProperty({{A45C254E-DF1C-4EFD-8020-67D146A850E0}, 6}) failed: Element not found. (0x490)
May 30, 2024 14:20:21.22 [15828:6240:0530/142021.224:ERROR:device_event_log_impl.cc(195)] [14:20:21.220] USB: usb_service_win.cc:308 SetupDiEnumDeviceInterfaces: No more data is available. (0x103)
May 30, 2024 14:20:22.58 [15828:6240:0530/142022.586:ERROR:device_event_log_impl.cc(195)] [14:20:22.582] USB: usb_service_win.cc:105 SetupDiGetDeviceProperty({{A45C254E-DF1C-4EFD-8020-67D146A850E0}, 6}) failed: Element not found. (0x490)
May 30, 2024 14:20:22.60 [15828:6240:0530/142022.601:ERROR:device_event_log_impl.cc(195)] [14:20:22.597] USB: usb_service_win.cc:308 SetupDiEnumDeviceInterfaces: No more data is available. (0x103)
May 30, 2024 14:57:56.31 [6104:7384:0530/145756.318:ERROR:interface_endpoint_client.cc(722)] Message 0 rejected by interface blink.mojom.WidgetHost
May 30, 2024 14:58:01.37 Created TensorFlow Lite XNNPACK delegate for CPU.
May 30, 2024 15:06:00.88 Created TensorFlow Lite XNNPACK delegate for CPU.
May 30, 2024 15:08:40.82 [5860:16480:0530/150840.823:ERROR:interface_endpoint_client.cc(722)] Message 0 rejected by interface blink.mojom.WidgetHost
May 30, 2024 15:38:46.07 Created TensorFlow Lite XNNPACK delegate for CPU.
May 30, 2024 15:51:54.35 [18760:5588:0530/155154.359:ERROR:get_updates_processor.cc(263)] PostClientToServerMessage() failed during GetUpdates with error Network error (ERR_ABORTED)
May 30, 2024 15:52:23.19 Created TensorFlow Lite XNNPACK delegate for CPU.
May 30, 2024 15:55:23.88 [18684:1828:0530/155523.882:ERROR:connection_factory_impl.cc(483)] ConnectionHandler failed with net error: -2
May 30, 2024 15:58:56.77 [18684:1828:0530/155856.776:ERROR:connection_factory_impl.cc(434)] Failed to connect to MCS endpoint with error -105
May 30, 2024 16:03:04.45 [18684:7992:0530/160304.454:ERROR:device_event_log_impl.cc(195)] [16:03:04.452] USB: usb_service_win.cc:105 SetupDiGetDeviceProperty({{A45C254E-DF1C-4EFD-8020-67D146A850E0}, 6}) failed: Element not found. (0x490)
May 30, 2024 16:03:04.46 [18684:7992:0530/160304.461:ERROR:device_event_log_impl.cc(195)] [16:03:04.459] USB: usb_service_win.cc:308 SetupDiEnumDeviceInterfaces: No more data is available. (0x103)
May 30, 2024 16:05:44.72 Created TensorFlow Lite XNNPACK delegate for CPU.
May 30, 2024 16:15:57.97 [7716:12464:0530/161557.979:ERROR:connection_factory_impl.cc(434)] Failed to connect to MCS endpoint with error -105
May 30, 2024 16:15:59.99 [7716:12464:0530/161559.992:ERROR:connection_factory_impl.cc(434)] Failed to connect to MCS endpoint with error -106
May 30, 2024 16:17:08.21 [7716:12464:0530/161708.214:ERROR:connection_factory_impl.cc(434)] Failed to connect to MCS endpoint with error -118
May 30, 2024 16:20:01.76 [7716:12464:0530/162001.767:ERROR:connection_factory_impl.cc(434)] Failed to connect to MCS endpoint with error -105
May 30, 2024 16:20:02.98 [7716:20104:0530/162002.983:ERROR:device_event_log_impl.cc(195)] [16:20:02.979] USB: usb_service_win.cc:105 SetupDiGetDeviceProperty({{A45C254E-DF1C-4EFD-8020-67D146A850E0}, 6}) failed: Element not found. (0x490)
May 30, 2024 16:20:03.98 [7716:12464:0530/162003.983:ERROR:connection_factory_impl.cc(434)] Failed to connect to MCS endpoint with error -106
May 30, 2024 16:22:18.02 [7716:12464:0530/162218.021:ERROR:connection_factory_impl.cc(434)] Failed to connect to MCS endpoint with error -105
May 30, 2024 16:22:20.05 [7716:12464:0530/162220.057:ERROR:connection_factory_impl.cc(434)] Failed to connect to MCS endpoint with error -106
May 30, 2024 16:24:49.39 [7716:12464:0530/162449.396:ERROR:connection_factory_impl.cc(434)] Failed to connect to MCS endpoint with error -105
May 30, 2024 16:24:50.95 [7716:12464:0530/162450.950:ERROR:connection_factory_impl.cc(434)] Failed to connect to MCS endpoint with error -105

May 30, 2024 18:54:10.65 NEW SESSION
May 30, 2024 18:54:10.67 Created TensorFlow Lite XNNPACK delegate for CPU.
May 30, 2024 19:45:29.32 [10272:6224:0530/194529.320:ERROR:interface_endpoint_client.cc(722)] Message 1 rejected by interface blink.mojom.WidgetHost
May 30, 2024 20:41:36.29 [10272:12704:0530/204136.295:ERROR:connection_factory_impl.cc(483)] ConnectionHandler failed with net error: -2
May 30, 2024 21:47:00.31 [10272:12704:0530/214700.315:ERROR:connection_factory_impl.cc(483)] ConnectionHandler failed with net error: -2

Jun 03, 2024 13:09:16.92 NEW SESSION
Jun 03, 2024 13:09:16.94 Created TensorFlow Lite XNNPACK delegate for CPU.
Jun 03, 2024 13:10:35.46 Created TensorFlow Lite XNNPACK delegate for CPU.
Jun 03, 2024 13:24:35.85 Created TensorFlow Lite XNNPACK delegate for CPU.
Jun 03, 2024 13:39:55.40 [3604:532:0603/133955.406:ERROR:connection_factory_impl.cc(483)] ConnectionHandler failed with net error: -2
Jun 03, 2024 14:55:57.46 [3604:532:0603/145557.469:ERROR:connection_factory_impl.cc(434)] Failed to connect to MCS endpoint with error -105
Jun 03, 2024 15:08:01.09 [3604:13804:0603/150801.089:ERROR:interface_endpoint_client.cc(722)] Message 1 rejected by interface blink.mojom.WidgetHost
Jun 03, 2024 15:34:38.07 [3604:532:0603/153438.071:ERROR:connection_factory_impl.cc(483)] ConnectionHandler failed with net error: -2
Jun 03, 2024 18:34:40.62 [3604:532:0603/183440.628:ERROR:connection_factory_impl.cc(434)] Failed to connect to MCS endpoint with error -103
Jun 03, 2024 18:42:22.86 [3604:13804:0603/184222.865:ERROR:device_event_log_impl.cc(195)] [18:42:22.863] USB: usb_service_win.cc:308 SetupDiEnumDeviceInterfaces: No more data is available. (0x103)
Jun 03, 2024 18:42:23.08 [3604:532:0603/184223.082:ERROR:connection_factory_impl.cc(434)] Failed to connect to MCS endpoint with error -106
Jun 03, 2024 19:42:39.40 [3604:13804:0603/194239.408:ERROR:interface_endpoint_client.cc(722)] Message 0 rejected by interface blink.mojom.WidgetHost
Jun 03, 2024 19:47:17.13 [3604:532:0603/194717.137:ERROR:connection_factory_impl.cc(483)] ConnectionHandler failed with net error: -2

Jun 03, 2024 22:05:06.77 NEW SESSION
Jun 03, 2024 22:05:06.77 Created TensorFlow Lite XNNPACK delegate for CPU.

Jun 03, 2024 22:14:49.02 NEW SESSION
Jun 03, 2024 22:14:49.03 Created TensorFlow Lite XNNPACK delegate for CPU.

Jun 04, 2024 13:11:21.27 NEW SESSION
Jun 04, 2024 13:11:21.28 Created TensorFlow Lite XNNPACK delegate for CPU.
Jun 04, 2024 15:46:49.87 Created TensorFlow Lite XNNPACK delegate for CPU.

Jun 04, 2024 16:08:10.86 NEW SESSION
Jun 04, 2024 16:08:10.86 Created TensorFlow Lite XNNPACK delegate for CPU.

Jun 04, 2024 21:29:54.05 NEW SESSION
Jun 04, 2024 21:29:54.07 Created TensorFlow Lite XNNPACK delegate for CPU.
Jun 04, 2024 21:31:37.81 Created TensorFlow Lite XNNPACK delegate for CPU.
Jun 04, 2024 21:32:11.34 Created TensorFlow Lite XNNPACK delegate for CPU.
Jun 04, 2024 21:33:28.09 Created TensorFlow Lite XNNPACK delegate for CPU.
Jun 04, 2024 21:35:17.36 Created TensorFlow Lite XNNPACK delegate for CPU.
Jun 04, 2024 21:35:47.34 Created TensorFlow Lite XNNPACK delegate for CPU.
Jun 04, 2024 21:55:39.83 Created TensorFlow Lite XNNPACK delegate for CPU.
Jun 04, 2024 22:23:28.47 Created TensorFlow Lite XNNPACK delegate for CPU.

Jun 04, 2024 22:28:25.48 NEW SESSION
Jun 04, 2024 22:28:25.49 Created TensorFlow Lite XNNPACK delegate for CPU.
Jun 04, 2024 22:43:10.19 Created TensorFlow Lite XNNPACK delegate for CPU.
Jun 05, 2024 24:51:18.04 [9384:7840:0605/005118.043:ERROR:interface_endpoint_client.cc(722)] Message 1 rejected by interface blink.mojom.WidgetHost
